BusFinder/app/build/intermediates/manifest_merge_blame_file/debug/manifest-merger-blame-debug-report.txt
1<?xml version="1.0" encoding="utf-8"?>
2<manifest xmlns:android="http://schemas.android.com/apk/res/android"
3    package="com.gammasoft.busfinder"
4    android:versionCode="1"
5    android:versionName="1.0" >
6
7    <uses-sdk
8        android:minSdkVersion="21"
8-->src\main\AndroidManifest.xml
9        android:targetSdkVersion="33" />
9-->src\main\AndroidManifest.xml
10
11    <uses-permission android:name="android.permission.INTERNET" />
11-->src\main\AndroidManifest.xml:5:5-67
11-->src\main\AndroidManifest.xml:5:22-64
12    <uses-permission android:name="android.permission.ACCESS_NETWORK_STATE" />
12-->src\main\AndroidManifest.xml:6:5-79
12-->src\main\AndroidManifest.xml:6:22-76
13    <uses-permission android:name="android.permission.ACCESS_FINE_LOCATION" />
13-->src\main\AndroidManifest.xml:7:5-79
13-->src\main\AndroidManifest.xml:7:22-76
14    <uses-permission android:name="android.permission.VIBRATE" />
14-->src\main\AndroidManifest.xml:8:5-66
14-->src\main\AndroidManifest.xml:8:22-63
15    <uses-permission android:name="android.permission.ACCESS_COARSE_LOCATION" />
15-->[com.google.android.libraries.places:places:2.7.0] AndroidManifest.xml:9:5-81
15-->[com.google.android.libraries.places:places:2.7.0] AndroidManifest.xml:9:22-78
16    <uses-permission android:name="android.permission.ACCESS_WIFI_STATE" />
16-->[com.google.android.libraries.places:places:2.7.0] AndroidManifest.xml:11:5-76
16-->[com.google.android.libraries.places:places:2.7.0] AndroidManifest.xml:11:22-73
17
18    <queries>
18-->[com.facebook.android:facebook-common:15.1.0] AndroidManifest.xml:17:5-19:15
19        <package android:name="com.facebook.katana" />
19-->[com.facebook.android:facebook-common:15.1.0] AndroidManifest.xml:18:9-55
19-->[com.facebook.android:facebook-common:15.1.0] AndroidManifest.xml:18:18-52
20        <!-- Needs to be explicitly declared on Android R+ -->
21        <package android:name="com.google.android.apps.maps" />
21-->[com.google.android.gms:play-services-maps:18.1.0] AndroidManifest.xml:33:9-64
21-->[com.google.android.gms:play-services-maps:18.1.0] AndroidManifest.xml:33:18-61
22    </queries>
23
24    <uses-feature
24-->[com.google.android.gms:play-services-maps:18.1.0] AndroidManifest.xml:26:5-28:35
25        android:glEsVersion="0x00020000"
25-->[com.google.android.gms:play-services-maps:18.1.0] AndroidManifest.xml:27:9-41
26        android:required="true" />
26-->[com.google.android.gms:play-services-maps:18.1.0] AndroidManifest.xml:28:9-32
27
28    <uses-permission android:name="android.permission.WAKE_LOCK" />
28-->[com.google.android.gms:play-services-measurement-api:21.2.0] AndroidManifest.xml:24:5-68
28-->[com.google.android.gms:play-services-measurement-api:21.2.0] AndroidManifest.xml:24:22-65
29    <uses-permission android:name="com.google.android.gms.permission.AD_ID" />
29-->[com.google.android.gms:play-services-measurement-api:21.2.0] AndroidManifest.xml:25:5-79
29-->[com.google.android.gms:play-services-measurement-api:21.2.0] AndroidManifest.xml:25:22-76
30    <uses-permission android:name="com.google.android.finsky.permission.BIND_GET_INSTALL_REFERRER_SERVICE" />
30-->[com.google.android.gms:play-services-measurement:21.2.0] AndroidManifest.xml:26:5-110
30-->[com.google.android.gms:play-services-measurement:21.2.0] AndroidManifest.xml:26:22-107
31
32    <permission
32-->[androidx.core:core:1.9.0] AndroidManifest.xml:22:5-24:47
33        android:name="com.gammasoft.busfinder.DYNAMIC_RECEIVER_NOT_EXPORTED_PERMISSION"
33-->[androidx.core:core:1.9.0] AndroidManifest.xml:23:9-81
34        android:protectionLevel="signature" />
34-->[androidx.core:core:1.9.0] AndroidManifest.xml:24:9-44
35
36    <uses-permission android:name="com.gammasoft.busfinder.DYNAMIC_RECEIVER_NOT_EXPORTED_PERMISSION" />
36-->[androidx.core:core:1.9.0] AndroidManifest.xml:26:5-97
36-->[androidx.core:core:1.9.0] AndroidManifest.xml:26:22-94
37
38    <application
38-->src\main\AndroidManifest.xml:10:5-102:19
39        android:allowBackup="true"
39-->src\main\AndroidManifest.xml:11:9-35
40        android:appComponentFactory="androidx.core.app.CoreComponentFactory"
40-->[androidx.core:core:1.9.0] AndroidManifest.xml:28:18-86
41        android:dataExtractionRules="@xml/data_extraction_rules"
41-->src\main\AndroidManifest.xml:12:9-65
42        android:debuggable="true"
43        android:fullBackupContent="@xml/backup_rules"
43-->src\main\AndroidManifest.xml:13:9-54
44        android:icon="@drawable/splash"
44-->src\main\AndroidManifest.xml:14:9-40
45        android:label="@string/app_name"
45-->src\main\AndroidManifest.xml:15:9-41
46        android:roundIcon="@drawable/splash"
46-->src\main\AndroidManifest.xml:16:9-45
47        android:supportsRtl="true"
47-->src\main\AndroidManifest.xml:17:9-35
48        android:testOnly="true"
49        android:theme="@style/Theme.BusFinder" >
49-->src\main\AndroidManifest.xml:18:9-47
50        <meta-data
50-->src\main\AndroidManifest.xml:21:9-23:71
51            android:name="com.google.android.geo.API_KEY"
51-->src\main\AndroidManifest.xml:22:13-58
52            android:value="AIzaSyDCpEGLGBLBbjPPqUL10YlHlVkBYn505rM" />
52-->src\main\AndroidManifest.xml:23:13-68
53        <meta-data
53-->src\main\AndroidManifest.xml:25:9-27:55
54            android:name="com.facebook.sdk.ApplicationId"
54-->src\main\AndroidManifest.xml:26:13-58
55            android:value="@string/facebook_app_id" />
55-->src\main\AndroidManifest.xml:27:13-52
56        <meta-data
56-->src\main\AndroidManifest.xml:29:9-31:61
57            android:name="com.facebook.sdk.ClientToken"
57-->src\main\AndroidManifest.xml:30:13-56
58            android:value="@string/facebook_client_token" />
58-->src\main\AndroidManifest.xml:31:13-58
59
60        <activity
60-->src\main\AndroidManifest.xml:33:9-35:99
61            android:name="com.facebook.FacebookActivity"
61-->src\main\AndroidManifest.xml:34:13-57
62            android:configChanges="keyboard|keyboardHidden|screenLayout|screenSize|orientation"
62-->src\main\AndroidManifest.xml:35:13-96
63            android:theme="@style/com_facebook_activity_theme" />
63-->[com.facebook.android:facebook-common:15.1.0] AndroidManifest.xml:25:13-63
64        <activity
64-->src\main\AndroidManifest.xml:37:9-48:20
65            android:name="com.facebook.CustomTabActivity"
65-->src\main\AndroidManifest.xml:38:13-58
66            android:exported="true" >
66-->src\main\AndroidManifest.xml:39:13-36
67            <intent-filter>
67-->src\main\AndroidManifest.xml:40:13-47:29
68                <action android:name="android.intent.action.VIEW" />
68-->src\main\AndroidManifest.xml:41:17-69
68-->src\main\AndroidManifest.xml:41:25-66
69
70                <category android:name="android.intent.category.DEFAULT" />
70-->src\main\AndroidManifest.xml:43:17-76
70-->src\main\AndroidManifest.xml:43:27-73
71                <category android:name="android.intent.category.BROWSABLE" />
71-->src\main\AndroidManifest.xml:44:17-78
71-->src\main\AndroidManifest.xml:44:27-75
72
73                <data android:scheme="@string/fb_login_protocol_scheme" />
73-->src\main\AndroidManifest.xml:46:17-75
73-->src\main\AndroidManifest.xml:46:23-72
74            </intent-filter>
75            <intent-filter>
75-->[com.facebook.android:facebook-common:15.1.0] AndroidManifest.xml:31:13-40:29
76                <action android:name="android.intent.action.VIEW" />
76-->src\main\AndroidManifest.xml:41:17-69
76-->src\main\AndroidManifest.xml:41:25-66
77
78                <category android:name="android.intent.category.DEFAULT" />
78-->src\main\AndroidManifest.xml:43:17-76
78-->src\main\AndroidManifest.xml:43:27-73
79                <category android:name="android.intent.category.BROWSABLE" />
79-->src\main\AndroidManifest.xml:44:17-78
79-->src\main\AndroidManifest.xml:44:27-75
80
81                <data
81-->src\main\AndroidManifest.xml:46:17-75
82                    android:host="cct.com.gammasoft.busfinder"
83                    android:scheme="fbconnect" />
83-->src\main\AndroidManifest.xml:46:23-72
84            </intent-filter>
85        </activity>
86        <activity
86-->src\main\AndroidManifest.xml:50:9-57:20
87            android:name="com.gammasoft.busfinder.view.activity.CrearCuenta"
87-->src\main\AndroidManifest.xml:51:13-54
88            android:exported="false"
88-->src\main\AndroidManifest.xml:52:13-37
89            android:parentActivityName="com.gammasoft.busfinder.view.activity.Bienvenida" >
89-->src\main\AndroidManifest.xml:53:13-67
90            <meta-data
90-->src\main\AndroidManifest.xml:54:13-56:61
91                android:name="android.support.PARENT_ACTIVITY"
91-->src\main\AndroidManifest.xml:55:17-63
92                android:value=".view.activity.Bienvenida" />
92-->src\main\AndroidManifest.xml:56:17-58
93        </activity>
94        <activity
94-->src\main\AndroidManifest.xml:59:9-66:20
95            android:name="com.gammasoft.busfinder.view.activity.IniciarSesion"
95-->src\main\AndroidManifest.xml:60:13-56
96            android:exported="false"
96-->src\main\AndroidManifest.xml:61:13-37
97            android:parentActivityName="com.gammasoft.busfinder.view.activity.Bienvenida" >
97-->src\main\AndroidManifest.xml:62:13-67
98            <meta-data
98-->src\main\AndroidManifest.xml:54:13-56:61
99                android:name="android.support.PARENT_ACTIVITY"
99-->src\main\AndroidManifest.xml:55:17-63
100                android:value=".view.activity.Bienvenida" />
100-->src\main\AndroidManifest.xml:56:17-58
101        </activity>
102        <activity
102-->src\main\AndroidManifest.xml:68:9-70:40
103            android:name="com.gammasoft.busfinder.view.activity.PrincipalAdministrador"
103-->src\main\AndroidManifest.xml:69:13-65
104            android:exported="false" />
104-->src\main\AndroidManifest.xml:70:13-37
105        <activity
105-->src\main\AndroidManifest.xml:72:9-74:40
106            android:name="com.gammasoft.busfinder.view.activity.PrincipalChofer"
106-->src\main\AndroidManifest.xml:73:13-58
107            android:exported="false" />
107-->src\main\AndroidManifest.xml:74:13-37
108        <activity
108-->src\main\AndroidManifest.xml:76:9-78:40
109            android:name="com.gammasoft.busfinder.view.activity.PrincipalPublico"
109-->src\main\AndroidManifest.xml:77:13-59
110            android:exported="false" />
110-->src\main\AndroidManifest.xml:78:13-37
111        <activity
111-->src\main\AndroidManifest.xml:80:9-85:20
112            android:name="com.gammasoft.busfinder.view.activity.Bienvenida"
112-->src\main\AndroidManifest.xml:80:19-59
113            android:exported="false" >
113-->src\main\AndroidManifest.xml:81:13-37
114            <meta-data
114-->src\main\AndroidManifest.xml:54:13-56:61
115                android:name="android.support.PARENT_ACTIVITY"
115-->src\main\AndroidManifest.xml:55:17-63
116                android:value=".view.activity.Splash" />
116-->src\main\AndroidManifest.xml:56:17-58
117        </activity>
118        <activity
118-->src\main\AndroidManifest.xml:87:9-101:20
119            android:name="com.gammasoft.busfinder.view.activity.Splash"
119-->src\main\AndroidManifest.xml:88:13-49
120            android:exported="true"
120-->src\main\AndroidManifest.xml:89:13-36
121            android:theme="@style/Theme.BusFinder.Starting" >
121-->src\main\AndroidManifest.xml:90:13-60
122            <intent-filter>
122-->src\main\AndroidManifest.xml:92:13-96:29
123                <action android:name="android.intent.action.MAIN" />
123-->src\main\AndroidManifest.xml:93:17-69
123-->src\main\AndroidManifest.xml:93:25-66
124
125                <category android:name="android.intent.category.LAUNCHER" />
125-->src\main\AndroidManifest.xml:95:17-77
125-->src\main\AndroidManifest.xml:95:27-74
126            </intent-filter>
127
128            <meta-data
128-->src\main\AndroidManifest.xml:98:13-100:36
129                android:name="android.app.lib_name"
129-->src\main\AndroidManifest.xml:99:17-52
130                android:value="" />
130-->src\main\AndroidManifest.xml:100:17-33
131        </activity>
132        <activity
132-->[com.google.android.libraries.places:places:2.7.0] AndroidManifest.xml:15:9-21:20
133            android:name="com.google.android.libraries.places.widget.AutocompleteActivity"
133-->[com.google.android.libraries.places:places:2.7.0] AndroidManifest.xml:16:13-91
134            android:exported="false"
134-->[com.google.android.libraries.places:places:2.7.0] AndroidManifest.xml:17:13-37
135            android:label="@string/places_autocomplete_label"
135-->[com.google.android.libraries.places:places:2.7.0] AndroidManifest.xml:18:13-62
136            android:theme="@style/PlacesAutocompleteOverlay"
136-->[com.google.android.libraries.places:places:2.7.0] AndroidManifest.xml:19:13-61
137            android:windowSoftInputMode="adjustResize" >
137-->[com.google.android.libraries.places:places:2.7.0] AndroidManifest.xml:20:13-55
138        </activity>
139        <activity android:name="com.facebook.CustomTabMainActivity" />
139-->[com.facebook.android:facebook-common:15.1.0] AndroidManifest.xml:26:9-71
139-->[com.facebook.android:facebook-common:15.1.0] AndroidManifest.xml:26:19-68
140        <activity
140-->[com.google.android.gms:play-services-auth:20.4.0] AndroidManifest.xml:23:9-27:75
141            android:name="com.google.android.gms.auth.api.signin.internal.SignInHubActivity"
141-->[com.google.android.gms:play-services-auth:20.4.0] AndroidManifest.xml:24:13-93
142            android:excludeFromRecents="true"
142-->[com.google.android.gms:play-services-auth:20.4.0] AndroidManifest.xml:25:13-46
143            android:exported="false"
143-->[com.google.android.gms:play-services-auth:20.4.0] AndroidManifest.xml:26:13-37
144            android:theme="@android:style/Theme.Translucent.NoTitleBar" />
144-->[com.google.android.gms:play-services-auth:20.4.0] AndroidManifest.xml:27:13-72
145        <!--
146            Service handling Google Sign-In user revocation. For apps that do not integrate with
147            Google Sign-In, this service will never be started.
148        -->
149        <service
149-->[com.google.android.gms:play-services-auth:20.4.0] AndroidManifest.xml:33:9-37:51
150            android:name="com.google.android.gms.auth.api.signin.RevocationBoundService"
150-->[com.google.android.gms:play-services-auth:20.4.0] AndroidManifest.xml:34:13-89
151            android:exported="true"
151-->[com.google.android.gms:play-services-auth:20.4.0] AndroidManifest.xml:35:13-36
152            android:permission="com.google.android.gms.auth.api.signin.permission.REVOCATION_NOTIFICATION"
152-->[com.google.android.gms:play-services-auth:20.4.0] AndroidManifest.xml:36:13-107
153            android:visibleToInstantApps="true" /> <!-- Needs to be explicitly declared on P+ -->
153-->[com.google.android.gms:play-services-auth:20.4.0] AndroidManifest.xml:37:13-48
154        <uses-library
154-->[com.google.android.gms:play-services-maps:18.1.0] AndroidManifest.xml:39:9-41:40
155            android:name="org.apache.http.legacy"
155-->[com.google.android.gms:play-services-maps:18.1.0] AndroidManifest.xml:40:13-50
156            android:required="false" />
156-->[com.google.android.gms:play-services-maps:18.1.0] AndroidManifest.xml:41:13-37
157
158        <service
158-->[com.google.firebase:firebase-auth-ktx:21.1.0] AndroidManifest.xml:8:9-14:19
159            android:name="com.google.firebase.components.ComponentDiscoveryService"
159-->[com.google.firebase:firebase-auth-ktx:21.1.0] AndroidManifest.xml:9:13-84
160            android:directBootAware="true"
160-->[com.google.firebase:firebase-common:20.2.0] AndroidManifest.xml:34:13-43
161            android:exported="false" >
161-->[com.google.firebase:firebase-auth-ktx:21.1.0] AndroidManifest.xml:10:13-37
162            <meta-data
162-->[com.google.firebase:firebase-auth-ktx:21.1.0] AndroidManifest.xml:11:13-13:85
163                android:name="com.google.firebase.components:com.google.firebase.auth.ktx.FirebaseAuthKtxRegistrar"
163-->[com.google.firebase:firebase-auth-ktx:21.1.0] AndroidManifest.xml:12:17-116
164                android:value="com.google.firebase.components.ComponentRegistrar" />
164-->[com.google.firebase:firebase-auth-ktx:21.1.0] AndroidManifest.xml:13:17-82
165            <meta-data
165-->[com.google.firebase:firebase-auth:21.1.0] AndroidManifest.xml:67:13-69:85
166                android:name="com.google.firebase.components:com.google.firebase.auth.FirebaseAuthRegistrar"
166-->[com.google.firebase:firebase-auth:21.1.0] AndroidManifest.xml:68:17-109
167                android:value="com.google.firebase.components.ComponentRegistrar" />
167-->[com.google.firebase:firebase-auth:21.1.0] AndroidManifest.xml:69:17-82
168            <meta-data
168-->[com.google.firebase:firebase-firestore-ktx:24.4.0] AndroidManifest.xml:14:13-16:85
169                android:name="com.google.firebase.components:com.google.firebase.firestore.ktx.FirebaseFirestoreKtxRegistrar"
169-->[com.google.firebase:firebase-firestore-ktx:24.4.0] AndroidManifest.xml:15:17-126
170                android:value="com.google.firebase.components.ComponentRegistrar" />
170-->[com.google.firebase:firebase-firestore-ktx:24.4.0] AndroidManifest.xml:16:17-82
171            <meta-data
171-->[com.google.firebase:firebase-firestore:24.4.0] AndroidManifest.xml:19:13-21:85
172                android:name="com.google.firebase.components:com.google.firebase.firestore.FirestoreRegistrar"
172-->[com.google.firebase:firebase-firestore:24.4.0] AndroidManifest.xml:20:17-111
173                android:value="com.google.firebase.components.ComponentRegistrar" />
173-->[com.google.firebase:firebase-firestore:24.4.0] AndroidManifest.xml:21:17-82
174            <meta-data
174-->[com.google.firebase:firebase-analytics-ktx:21.2.0] AndroidManifest.xml:11:13-13:85
175                android:name="com.google.firebase.components:com.google.firebase.analytics.ktx.FirebaseAnalyticsKtxRegistrar"
175-->[com.google.firebase:firebase-analytics-ktx:21.2.0] AndroidManifest.xml:12:17-126
176                android:value="com.google.firebase.components.ComponentRegistrar" />
176-->[com.google.firebase:firebase-analytics-ktx:21.2.0] AndroidManifest.xml:13:17-82
177            <meta-data
177-->[com.google.firebase:firebase-common-ktx:20.2.0] AndroidManifest.xml:14:13-16:85
178                android:name="com.google.firebase.components:com.google.firebase.ktx.FirebaseCommonKtxRegistrar"
178-->[com.google.firebase:firebase-common-ktx:20.2.0] AndroidManifest.xml:15:17-113
179                android:value="com.google.firebase.components.ComponentRegistrar" />
179-->[com.google.firebase:firebase-common-ktx:20.2.0] AndroidManifest.xml:16:17-82
180            <meta-data
180-->[com.google.android.gms:play-services-measurement-api:21.2.0] AndroidManifest.xml:31:13-33:85
181                android:name="com.google.firebase.components:com.google.firebase.analytics.connector.internal.AnalyticsConnectorRegistrar"
181-->[com.google.android.gms:play-services-measurement-api:21.2.0] AndroidManifest.xml:32:17-139
182                android:value="com.google.firebase.components.ComponentRegistrar" />
182-->[com.google.android.gms:play-services-measurement-api:21.2.0] AndroidManifest.xml:33:17-82
183            <meta-data
183-->[com.google.firebase:firebase-installations:17.1.0] AndroidManifest.xml:17:13-19:85
184                android:name="com.google.firebase.components:com.google.firebase.installations.FirebaseInstallationsRegistrar"
184-->[com.google.firebase:firebase-installations:17.1.0] AndroidManifest.xml:18:17-127
185                android:value="com.google.firebase.components.ComponentRegistrar" />
185-->[com.google.firebase:firebase-installations:17.1.0] AndroidManifest.xml:19:17-82
186        </service>
187
188        <activity
188-->[com.google.firebase:firebase-auth:21.1.0] AndroidManifest.xml:27:9-44:20
189            android:name="com.google.firebase.auth.internal.GenericIdpActivity"
189-->[com.google.firebase:firebase-auth:21.1.0] AndroidManifest.xml:28:13-80
190            android:excludeFromRecents="true"
190-->[com.google.firebase:firebase-auth:21.1.0] AndroidManifest.xml:29:13-46
191            android:exported="true"
191-->[com.google.firebase:firebase-auth:21.1.0] AndroidManifest.xml:30:13-36
192            android:launchMode="singleTask"
192-->[com.google.firebase:firebase-auth:21.1.0] AndroidManifest.xml:31:13-44
193            android:theme="@android:style/Theme.Translucent.NoTitleBar" >
193-->[com.google.firebase:firebase-auth:21.1.0] AndroidManifest.xml:32:13-72
194            <intent-filter>
194-->[com.google.firebase:firebase-auth:21.1.0] AndroidManifest.xml:33:13-43:29
195                <action android:name="android.intent.action.VIEW" />
195-->src\main\AndroidManifest.xml:41:17-69
195-->src\main\AndroidManifest.xml:41:25-66
196
197                <category android:name="android.intent.category.DEFAULT" />
197-->src\main\AndroidManifest.xml:43:17-76
197-->src\main\AndroidManifest.xml:43:27-73
198                <category android:name="android.intent.category.BROWSABLE" />
198-->src\main\AndroidManifest.xml:44:17-78
198-->src\main\AndroidManifest.xml:44:27-75
199
200                <data
200-->src\main\AndroidManifest.xml:46:17-75
201                    android:host="firebase.auth"
202                    android:path="/"
203                    android:scheme="genericidp" />
203-->src\main\AndroidManifest.xml:46:23-72
204            </intent-filter>
205        </activity>
206        <activity
206-->[com.google.firebase:firebase-auth:21.1.0] AndroidManifest.xml:45:9-62:20
207            android:name="com.google.firebase.auth.internal.RecaptchaActivity"
207-->[com.google.firebase:firebase-auth:21.1.0] AndroidManifest.xml:46:13-79
208            android:excludeFromRecents="true"
208-->[com.google.firebase:firebase-auth:21.1.0] AndroidManifest.xml:47:13-46
209            android:exported="true"
209-->[com.google.firebase:firebase-auth:21.1.0] AndroidManifest.xml:48:13-36
210            android:launchMode="singleTask"
210-->[com.google.firebase:firebase-auth:21.1.0] AndroidManifest.xml:49:13-44
211            android:theme="@android:style/Theme.Translucent.NoTitleBar" >
211-->[com.google.firebase:firebase-auth:21.1.0] AndroidManifest.xml:50:13-72
212            <intent-filter>
212-->[com.google.firebase:firebase-auth:21.1.0] AndroidManifest.xml:51:13-61:29
213                <action android:name="android.intent.action.VIEW" />
213-->src\main\AndroidManifest.xml:41:17-69
213-->src\main\AndroidManifest.xml:41:25-66
214
215                <category android:name="android.intent.category.DEFAULT" />
215-->src\main\AndroidManifest.xml:43:17-76
215-->src\main\AndroidManifest.xml:43:27-73
216                <category android:name="android.intent.category.BROWSABLE" />
216-->src\main\AndroidManifest.xml:44:17-78
216-->src\main\AndroidManifest.xml:44:27-75
217
218                <data
218-->src\main\AndroidManifest.xml:46:17-75
219                    android:host="firebase.auth"
220                    android:path="/"
221                    android:scheme="recaptcha" />
221-->src\main\AndroidManifest.xml:46:23-72
222            </intent-filter>
223        </activity>
224        <activity
224-->[com.google.android.gms:play-services-base:18.0.1] AndroidManifest.xml:20:9-22:45
225            android:name="com.google.android.gms.common.api.GoogleApiActivity"
225-->[com.google.android.gms:play-services-base:18.0.1] AndroidManifest.xml:20:19-85
226            android:exported="false"
226-->[com.google.android.gms:play-services-base:18.0.1] AndroidManifest.xml:22:19-43
227            android:theme="@android:style/Theme.Translucent.NoTitleBar" />
227-->[com.google.android.gms:play-services-base:18.0.1] AndroidManifest.xml:21:19-78
228
229        <provider
229-->[com.google.firebase:firebase-common:20.2.0] AndroidManifest.xml:25:9-30:39
230            android:name="com.google.firebase.provider.FirebaseInitProvider"
230-->[com.google.firebase:firebase-common:20.2.0] AndroidManifest.xml:26:13-77
231            android:authorities="com.gammasoft.busfinder.firebaseinitprovider"
231-->[com.google.firebase:firebase-common:20.2.0] AndroidManifest.xml:27:13-72
232            android:directBootAware="true"
232-->[com.google.firebase:firebase-common:20.2.0] AndroidManifest.xml:28:13-43
233            android:exported="false"
233-->[com.google.firebase:firebase-common:20.2.0] AndroidManifest.xml:29:13-37
234            android:initOrder="100" />
234-->[com.google.firebase:firebase-common:20.2.0] AndroidManifest.xml:30:13-36
235
236        <receiver
236-->[com.google.android.gms:play-services-measurement:21.2.0] AndroidManifest.xml:29:9-33:20
237            android:name="com.google.android.gms.measurement.AppMeasurementReceiver"
237-->[com.google.android.gms:play-services-measurement:21.2.0] AndroidManifest.xml:30:13-85
238            android:enabled="true"
238-->[com.google.android.gms:play-services-measurement:21.2.0] AndroidManifest.xml:31:13-35
239            android:exported="false" >
239-->[com.google.android.gms:play-services-measurement:21.2.0] AndroidManifest.xml:32:13-37
240        </receiver>
241
242        <service
242-->[com.google.android.gms:play-services-measurement:21.2.0] AndroidManifest.xml:35:9-38:40
243            android:name="com.google.android.gms.measurement.AppMeasurementService"
243-->[com.google.android.gms:play-services-measurement:21.2.0] AndroidManifest.xml:36:13-84
244            android:enabled="true"
244-->[com.google.android.gms:play-services-measurement:21.2.0] AndroidManifest.xml:37:13-35
245            android:exported="false" />
245-->[com.google.android.gms:play-services-measurement:21.2.0] AndroidManifest.xml:38:13-37
246        <service
246-->[com.google.android.gms:play-services-measurement:21.2.0] AndroidManifest.xml:39:9-43:72
247            android:name="com.google.android.gms.measurement.AppMeasurementJobService"
247-->[com.google.android.gms:play-services-measurement:21.2.0] AndroidManifest.xml:40:13-87
248            android:enabled="true"
248-->[com.google.android.gms:play-services-measurement:21.2.0] AndroidManifest.xml:41:13-35
249            android:exported="false"
249-->[com.google.android.gms:play-services-measurement:21.2.0] AndroidManifest.xml:42:13-37
250            android:permission="android.permission.BIND_JOB_SERVICE" />
250-->[com.google.android.gms:play-services-measurement:21.2.0] AndroidManifest.xml:43:13-69
251
252        <meta-data
252-->[com.google.android.gms:play-services-basement:18.1.0] AndroidManifest.xml:21:9-23:69
253            android:name="com.google.android.gms.version"
253-->[com.google.android.gms:play-services-basement:18.1.0] AndroidManifest.xml:22:13-58
254            android:value="@integer/google_play_services_version" />
254-->[com.google.android.gms:play-services-basement:18.1.0] AndroidManifest.xml:23:13-66
255        <!--
256         The initialization ContentProvider will call FacebookSdk.sdkInitialize automatically
257         with the application context. This config is merged in with the host app's manifest,
258         but there can only be one provider with the same authority activated at any given
259         point; so if the end user has two or more different apps that use Facebook SDK, only the
260         first one will be able to use the provider. To work around this problem, we use the
261         following placeholder in the authority to identify each host application as if it was
262         a completely different provider.
263        -->
264        <provider
264-->[com.facebook.android:facebook-core:15.1.0] AndroidManifest.xml:29:9-32:40
265            android:name="com.facebook.internal.FacebookInitProvider"
265-->[com.facebook.android:facebook-core:15.1.0] AndroidManifest.xml:30:13-70
266            android:authorities="com.gammasoft.busfinder.FacebookInitProvider"
266-->[com.facebook.android:facebook-core:15.1.0] AndroidManifest.xml:31:13-72
267            android:exported="false" />
267-->[com.facebook.android:facebook-core:15.1.0] AndroidManifest.xml:32:13-37
268
269        <receiver
269-->[com.facebook.android:facebook-core:15.1.0] AndroidManifest.xml:34:9-40:20
270            android:name="com.facebook.CurrentAccessTokenExpirationBroadcastReceiver"
270-->[com.facebook.android:facebook-core:15.1.0] AndroidManifest.xml:35:13-86
271            android:exported="false" >
271-->[com.facebook.android:facebook-core:15.1.0] AndroidManifest.xml:36:13-37
272            <intent-filter>
272-->[com.facebook.android:facebook-core:15.1.0] AndroidManifest.xml:37:13-39:29
273                <action android:name="com.facebook.sdk.ACTION_CURRENT_ACCESS_TOKEN_CHANGED" />
273-->[com.facebook.android:facebook-core:15.1.0] AndroidManifest.xml:38:17-95
273-->[com.facebook.android:facebook-core:15.1.0] AndroidManifest.xml:38:25-92
274            </intent-filter>
275        </receiver>
276        <receiver
276-->[com.facebook.android:facebook-core:15.1.0] AndroidManifest.xml:41:9-47:20
277            android:name="com.facebook.AuthenticationTokenManager$CurrentAuthenticationTokenChangedBroadcastReceiver"
277-->[com.facebook.android:facebook-core:15.1.0] AndroidManifest.xml:42:13-118
278            android:exported="false" >
278-->[com.facebook.android:facebook-core:15.1.0] AndroidManifest.xml:43:13-37
279            <intent-filter>
279-->[com.facebook.android:facebook-core:15.1.0] AndroidManifest.xml:44:13-46:29
280                <action android:name="com.facebook.sdk.ACTION_CURRENT_AUTHENTICATION_TOKEN_CHANGED" />
280-->[com.facebook.android:facebook-core:15.1.0] AndroidManifest.xml:45:17-103
280-->[com.facebook.android:facebook-core:15.1.0] AndroidManifest.xml:45:25-100
281            </intent-filter>
282        </receiver>
283
284        <uses-library
284-->[androidx.window:window:1.0.0] AndroidManifest.xml:25:9-27:40
285            android:name="androidx.window.extensions"